INFO - 2024-02-26 01:54:17 --> Session: Class initialized using 'CodeIgniter\Session\Handlers\FileHandler' driver.
INFO - 2024-02-26 01:54:17 --> Session: Class initialized using 'CodeIgniter\Session\Handlers\FileHandler' driver.
INFO - 2024-02-26 01:54:36 --> Session: Class initialized using 'CodeIgniter\Session\Handlers\FileHandler' driver.
CRITICAL - 2024-02-26 01:54:36 --> CodeIgniter\HTTP\Exceptions\HTTPException: The route for "admin.login.form" cannot be found.
in SYSTEMPATH\HTTP\RedirectResponse.php on line 62.
 1 SYSTEMPATH\HTTP\RedirectResponse.php(62): CodeIgniter\HTTP\Exceptions\HTTPException::forInvalidRedirectRoute('admin.login.form')
 2 APPPATH\Filters\CIFilter.php(37): CodeIgniter\HTTP\RedirectResponse->route(false)
 3 SYSTEMPATH\Filters\Filters.php(182): App\Filters\CIFilter->before(Object(CodeIgniter\HTTP\IncomingRequest), [...])
 4 SYSTEMPATH\CodeIgniter.php(474): CodeIgniter\Filters\Filters->run('admin', 'before')
 5 SYSTEMPATH\CodeIgniter.php(361): CodeIgniter\CodeIgniter->handleRequest(null, Object(Config\Cache), false)
 6 FCPATH\index.php(79): CodeIgniter\CodeIgniter->run()
CRITICAL - 2024-02-26 01:58:54 --> CodeIgniter\View\Exceptions\ViewException: Invalid file: "backend/pages/auth/login.php"
in SYSTEMPATH\Exceptions\FrameworkException.php on line 39.
 1 SYSTEMPATH\View\View.php(216): CodeIgniter\Exceptions\FrameworkException::forInvalidFile('backend/pages/auth/login.php')
 2 SYSTEMPATH\Common.php(1178): CodeIgniter\View\View->render('backend/pages/auth/login', [], true)
 3 APPPATH\Controllers\AuthController.php(19): view('backend/pages/auth/login', [...])
 4 SYSTEMPATH\CodeIgniter.php(941): App\Controllers\AuthController->loginForm()
 5 SYSTEMPATH\CodeIgniter.php(502): CodeIgniter\CodeIgniter->runController(Object(App\Controllers\AuthController))
 6 SYSTEMPATH\CodeIgniter.php(361): CodeIgniter\CodeIgniter->handleRequest(null, Object(Config\Cache), false)
 7 FCPATH\index.php(79): CodeIgniter\CodeIgniter->run()
INFO - 2024-02-26 02:00:39 --> Session: Class initialized using 'CodeIgniter\Session\Handlers\FileHandler' driver.
CRITICAL - 2024-02-26 02:00:39 --> CodeIgniter\View\Exceptions\ViewException: Invalid file: "backend/pages/auth/login.php"
in SYSTEMPATH\Exceptions\FrameworkException.php on line 39.
 1 SYSTEMPATH\View\View.php(216): CodeIgniter\Exceptions\FrameworkException::forInvalidFile('backend/pages/auth/login.php')
 2 SYSTEMPATH\Common.php(1178): CodeIgniter\View\View->render('backend/pages/auth/login', [], true)
 3 APPPATH\Controllers\AuthController.php(19): view('backend/pages/auth/login', [...])
 4 SYSTEMPATH\CodeIgniter.php(941): App\Controllers\AuthController->loginForm()
 5 SYSTEMPATH\CodeIgniter.php(502): CodeIgniter\CodeIgniter->runController(Object(App\Controllers\AuthController))
 6 SYSTEMPATH\CodeIgniter.php(361): CodeIgniter\CodeIgniter->handleRequest(null, Object(Config\Cache), false)
 7 FCPATH\index.php(79): CodeIgniter\CodeIgniter->run()
INFO - 2024-02-26 02:02:45 --> Session: Class initialized using 'CodeIgniter\Session\Handlers\FileHandler' driver.
CRITICAL - 2024-02-26 02:02:45 --> CodeIgniter\View\Exceptions\ViewException: Invalid file: "backend/layout/auth-layout.php"
in SYSTEMPATH\Exceptions\FrameworkException.php on line 39.
 1 SYSTEMPATH\View\View.php(216): CodeIgniter\Exceptions\FrameworkException::forInvalidFile('backend/layout/auth-layout.php')
 2 SYSTEMPATH\View\View.php(244): CodeIgniter\View\View->render('backend/layout/auth-layout', [], true)
 3 SYSTEMPATH\Common.php(1178): CodeIgniter\View\View->render('template/pages/auth/login', [], true)
 4 APPPATH\Controllers\AuthController.php(19): view('template/pages/auth/login', [...])
 5 SYSTEMPATH\CodeIgniter.php(941): App\Controllers\AuthController->loginForm()
 6 SYSTEMPATH\CodeIgniter.php(502): CodeIgniter\CodeIgniter->runController(Object(App\Controllers\AuthController))
 7 SYSTEMPATH\CodeIgniter.php(361): CodeIgniter\CodeIgniter->handleRequest(null, Object(Config\Cache), false)
 8 FCPATH\index.php(79): CodeIgniter\CodeIgniter->run()
INFO - 2024-02-26 02:02:46 --> Session: Class initialized using 'CodeIgniter\Session\Handlers\FileHandler' driver.
CRITICAL - 2024-02-26 02:02:46 --> CodeIgniter\View\Exceptions\ViewException: Invalid file: "backend/layout/auth-layout.php"
in SYSTEMPATH\Exceptions\FrameworkException.php on line 39.
 1 SYSTEMPATH\View\View.php(216): CodeIgniter\Exceptions\FrameworkException::forInvalidFile('backend/layout/auth-layout.php')
 2 SYSTEMPATH\View\View.php(244): CodeIgniter\View\View->render('backend/layout/auth-layout', [], true)
 3 SYSTEMPATH\Common.php(1178): CodeIgniter\View\View->render('template/pages/auth/login', [], true)
 4 APPPATH\Controllers\AuthController.php(19): view('template/pages/auth/login', [...])
 5 SYSTEMPATH\CodeIgniter.php(941): App\Controllers\AuthController->loginForm()
 6 SYSTEMPATH\CodeIgniter.php(502): CodeIgniter\CodeIgniter->runController(Object(App\Controllers\AuthController))
 7 SYSTEMPATH\CodeIgniter.php(361): CodeIgniter\CodeIgniter->handleRequest(null, Object(Config\Cache), false)
 8 FCPATH\index.php(79): CodeIgniter\CodeIgniter->run()
INFO - 2024-02-26 02:02:56 --> Session: Class initialized using 'CodeIgniter\Session\Handlers\FileHandler' driver.
INFO - 2024-02-26 02:02:58 --> Session: Class initialized using 'CodeIgniter\Session\Handlers\FileHandler' driver.
INFO - 2024-02-26 02:03:16 --> Session: Class initialized using 'CodeIgniter\Session\Handlers\FileHandler' driver.
INFO - 2024-02-26 02:03:19 --> Session: Class initialized using 'CodeIgniter\Session\Handlers\FileHandler' driver.
INFO - 2024-02-26 02:03:49 --> Session: Class initialized using 'CodeIgniter\Session\Handlers\FileHandler' driver.
INFO - 2024-02-26 02:04:30 --> Session: Class initialized using 'CodeIgniter\Session\Handlers\FileHandler' driver.
INFO - 2024-02-26 02:04:31 --> Session: Class initialized using 'CodeIgniter\Session\Handlers\FileHandler' driver.
INFO - 2024-02-26 02:05:00 --> Session: Class initialized using 'CodeIgniter\Session\Handlers\FileHandler' driver.
INFO - 2024-02-26 02:05:36 --> Session: Class initialized using 'CodeIgniter\Session\Handlers\FileHandler' driver.
INFO - 2024-02-26 02:05:43 --> Session: Class initialized using 'CodeIgniter\Session\Handlers\FileHandler' driver.
INFO - 2024-02-26 02:05:44 --> Session: Class initialized using 'CodeIgniter\Session\Handlers\FileHandler' driver.
INFO - 2024-02-26 02:05:45 --> Session: Class initialized using 'CodeIgniter\Session\Handlers\FileHandler' driver.
INFO - 2024-02-26 02:06:03 --> Session: Class initialized using 'CodeIgniter\Session\Handlers\FileHandler' driver.
INFO - 2024-02-26 02:07:00 --> Session: Class initialized using 'CodeIgniter\Session\Handlers\FileHandler' driver.
INFO - 2024-02-26 02:07:01 --> Session: Class initialized using 'CodeIgniter\Session\Handlers\FileHandler' driver.
INFO - 2024-02-26 02:07:07 --> Session: Class initialized using 'CodeIgniter\Session\Handlers\FileHandler' driver.
CRITICAL - 2024-02-26 02:07:15 --> ErrorException: Undefined property: Config\App::$baseURL
in SYSTEMPATH\HTTP\SiteURI.php on line 195.
 1 SYSTEMPATH\HTTP\SiteURI.php(195): CodeIgniter\Debug\Exceptions->errorHandler(2, 'Undefined property: Config\\App::$baseURL', 'C:\\xampp\\htdocs\\lybrain\\system\\HTTP\\SiteURI.php', 195)
 2 SYSTEMPATH\HTTP\SiteURI.php(145): CodeIgniter\HTTP\SiteURI->normalizeBaseURL(Object(Config\App))
 3 SYSTEMPATH\HTTP\SiteURI.php(100): CodeIgniter\HTTP\SiteURI->determineBaseURL(Object(Config\App), null, null)
 4 SYSTEMPATH\HTTP\SiteURIFactory.php(224): CodeIgniter\HTTP\SiteURI->__construct(Object(Config\App), 'admin', null)
 5 SYSTEMPATH\HTTP\SiteURIFactory.php(45): CodeIgniter\HTTP\SiteURIFactory->createURIFromRoutePath('admin')
 6 SYSTEMPATH\Config\Services.php(799): CodeIgniter\HTTP\SiteURIFactory->createFromGlobals()
 7 SYSTEMPATH\Config\BaseService.php(258): CodeIgniter\Config\Services::uri(null, false)
 8 SYSTEMPATH\Config\BaseService.php(199): CodeIgniter\Config\BaseService::__callStatic('uri', [...])
 9 SYSTEMPATH\Config\Services.php(792): CodeIgniter\Config\BaseService::getSharedInstance('uri', null)
10 SYSTEMPATH\Config\BaseService.php(258): CodeIgniter\Config\Services::uri()
11 SYSTEMPATH\Config\Services.php(566): CodeIgniter\Config\BaseService::__callStatic('uri', [])
12 SYSTEMPATH\Config\BaseService.php(258): CodeIgniter\Config\Services::incomingrequest(Object(Config\App), false)
13 SYSTEMPATH\Config\Services.php(524): CodeIgniter\Config\BaseService::__callStatic('incomingrequest', [...])
14 SYSTEMPATH\Config\BaseService.php(258): CodeIgniter\Config\Services::request(Object(Config\App), false)
15 SYSTEMPATH\Config\BaseService.php(199): CodeIgniter\Config\BaseService::__callStatic('request', [...])
16 SYSTEMPATH\Config\Services.php(559): CodeIgniter\Config\BaseService::getSharedInstance('request', Object(Config\App))
17 SYSTEMPATH\Config\BaseService.php(258): CodeIgniter\Config\Services::incomingrequest(Object(Config\App))
18 SYSTEMPATH\Config\Services.php(539): CodeIgniter\Config\BaseService::__callStatic('incomingrequest', [...])
19 SYSTEMPATH\Config\BaseService.php(258): CodeIgniter\Config\Services::createRequest(Object(Config\App))
20 SYSTEMPATH\CodeIgniter.php(655): CodeIgniter\Config\BaseService::__callStatic('createRequest', [...])
21 SYSTEMPATH\CodeIgniter.php(355): CodeIgniter\CodeIgniter->getRequestObject()
22 FCPATH\index.php(79): CodeIgniter\CodeIgniter->run()
CRITICAL - 2024-02-26 02:07:15 --> ErrorException: Uncaught ErrorException: Undefined property: Config\App::$baseURL in C:\xampp\htdocs\lybrain\system\HTTP\SiteURI.php:195
Stack trace:
#0 C:\xampp\htdocs\lybrain\system\HTTP\SiteURI.php(195): CodeIgniter\Debug\Exceptions->errorHandler(2, 'Undefined prope...', 'C:\\xampp\\htdocs...', 195)
#1 C:\xampp\htdocs\lybrain\system\HTTP\SiteURI.php(145): CodeIgniter\HTTP\SiteURI->normalizeBaseURL(Object(Config\App))
#2 C:\xampp\htdocs\lybrain\system\HTTP\SiteURI.php(100): CodeIgniter\HTTP\SiteURI->determineBaseURL(Object(Config\App), NULL, NULL)
#3 C:\xampp\htdocs\lybrain\system\HTTP\SiteURIFactory.php(224): CodeIgniter\HTTP\SiteURI->__construct(Object(Config\App), 'admin', NULL)
#4 C:\xampp\htdocs\lybrain\system\HTTP\SiteURIFactory.php(45): CodeIgniter\HTTP\SiteURIFactory->createURIFromRoutePath('admin')
#5 C:\xampp\htdocs\lybrain\system\Config\Services.php(799): CodeIgniter\HTTP\SiteURIFactory->createFromGlobals()
#6 C:\xampp\htdocs\lybrain\system\Config\BaseService.php(258): CodeIgniter\Config\Services::uri(NULL, false)
#7 C:\xampp\htdocs\lybrain\system\Config\BaseService.php(199): CodeIgniter\Config\BaseService::__callStatic('uri', Array)
#8 C:\xampp\htdocs\lybrain\system\Config\Services.php(792): CodeIgniter\Config\BaseService::getSharedInstance('uri', NULL)
#9 C:\xampp\htdocs\lybrain\system\Config\BaseService.php(258): CodeIgniter\Config\Services::uri()
#10 C:\xampp\htdocs\lybrain\system\Config\Services.php(566): CodeIgniter\Config\BaseService::__callStatic('uri', Array)
#11 C:\xampp\htdocs\lybrain\system\Config\BaseService.php(258): CodeIgniter\Config\Services::incomingrequest(Object(Config\App), false)
#12 C:\xampp\htdocs\lybrain\system\Config\Services.php(524): CodeIgniter\Config\BaseService::__callStatic('incomingrequest', Array)
#13 C:\xampp\htdocs\lybrain\system\Config\BaseService.php(258): CodeIgniter\Config\Services::request(NULL, false)
#14 C:\xampp\htdocs\lybrain\system\Config\BaseService.php(199): CodeIgniter\Config\BaseService::__callStatic('request', Array)
#15 C:\xampp\htdocs\lybrain\system\Config\Services.php(520): CodeIgniter\Config\BaseService::getSharedInstance('request', NULL)
#16 C:\xampp\htdocs\lybrain\system\Config\BaseService.php(258): CodeIgniter\Config\Services::request()
#17 C:\xampp\htdocs\lybrain\system\Debug\Exceptions.php(150): CodeIgniter\Config\BaseService::__callStatic('request', Array)
#18 [internal function]: CodeIgniter\Debug\Exceptions->exceptionHandler(Object(ErrorException))
#19 {main}
  thrown
【Previous Exception】
ErrorException
Undefined property: Config\App::$baseURL
#0 C:\xampp\htdocs\lybrain\system\HTTP\SiteURI.php(195): CodeIgniter\Debug\Exceptions->errorHandler(2, 'Undefined prope...', 'C:\\xampp\\htdocs...', 195)
#1 C:\xampp\htdocs\lybrain\system\HTTP\SiteURI.php(145): CodeIgniter\HTTP\SiteURI->normalizeBaseURL(Object(Config\App))
#2 C:\xampp\htdocs\lybrain\system\HTTP\SiteURI.php(100): CodeIgniter\HTTP\SiteURI->determineBaseURL(Object(Config\App), NULL, NULL)
#3 C:\xampp\htdocs\lybrain\system\HTTP\SiteURIFactory.php(224): CodeIgniter\HTTP\SiteURI->__construct(Object(Config\App), 'admin', NULL)
#4 C:\xampp\htdocs\lybrain\system\HTTP\SiteURIFactory.php(45): CodeIgniter\HTTP\SiteURIFactory->createURIFromRoutePath('admin')
#5 C:\xampp\htdocs\lybrain\system\Config\Services.php(799): CodeIgniter\HTTP\SiteURIFactory->createFromGlobals()
#6 C:\xampp\htdocs\lybrain\system\Config\BaseService.php(258): CodeIgniter\Config\Services::uri(NULL, false)
#7 C:\xampp\htdocs\lybrain\system\Config\BaseService.php(199): CodeIgniter\Config\BaseService::__callStatic('uri', Array)
#8 C:\xampp\htdocs\lybrain\system\Config\Services.php(792): CodeIgniter\Config\BaseService::getSharedInstance('uri', NULL)
#9 C:\xampp\htdocs\lybrain\system\Config\BaseService.php(258): CodeIgniter\Config\Services::uri()
#10 C:\xampp\htdocs\lybrain\system\Config\Services.php(566): CodeIgniter\Config\BaseService::__callStatic('uri', Array)
#11 C:\xampp\htdocs\lybrain\system\Config\BaseService.php(258): CodeIgniter\Config\Services::incomingrequest(Object(Config\App), false)
#12 C:\xampp\htdocs\lybrain\system\Config\Services.php(524): CodeIgniter\Config\BaseService::__callStatic('incomingrequest', Array)
#13 C:\xampp\htdocs\lybrain\system\Config\BaseService.php(258): CodeIgniter\Config\Services::request(Object(Config\App), false)
#14 C:\xampp\htdocs\lybrain\system\Config\BaseService.php(199): CodeIgniter\Config\BaseService::__callStatic('request', Array)
#15 C:\xampp\htdocs\lybrain\system\Config\Services.php(559): CodeIgniter\Config\BaseService::getSharedInstance('request', Object(Config\App))
#16 C:\xampp\htdocs\lybrain\system\Config\BaseService.php(258): CodeIgniter\Config\Services::incomingrequest(Object(Config\App))
#17 C:\xampp\htdocs\lybrain\system\Config\Services.php(539): CodeIgniter\Config\BaseService::__callStatic('incomingrequest', Array)
#18 C:\xampp\htdocs\lybrain\system\Config\BaseService.php(258): CodeIgniter\Config\Services::createRequest(Object(Config\App))
#19 C:\xampp\htdocs\lybrain\system\CodeIgniter.php(655): CodeIgniter\Config\BaseService::__callStatic('createRequest', Array)
#20 C:\xampp\htdocs\lybrain\system\CodeIgniter.php(355): CodeIgniter\CodeIgniter->getRequestObject()
#21 C:\xampp\htdocs\lybrain\public\index.php(79): CodeIgniter\CodeIgniter->run()
#22 {main}
in SYSTEMPATH\HTTP\SiteURI.php on line 195.
 1 [internal function]: CodeIgniter\Debug\Exceptions->shutdownHandler()
INFO - 2024-02-26 02:07:20 --> Session: Class initialized using 'CodeIgniter\Session\Handlers\FileHandler' driver.
INFO - 2024-02-26 02:07:35 --> Session: Class initialized using 'CodeIgniter\Session\Handlers\FileHandler' driver.
INFO - 2024-02-26 02:07:35 --> Session: Class initialized using 'CodeIgniter\Session\Handlers\FileHandler' driver.
INFO - 2024-02-26 02:07:37 --> Session: Class initialized using 'CodeIgniter\Session\Handlers\FileHandler' driver.
INFO - 2024-02-26 02:07:41 --> Session: Class initialized using 'CodeIgniter\Session\Handlers\FileHandler' driver.
INFO - 2024-02-26 02:09:44 --> Session: Class initialized using 'CodeIgniter\Session\Handlers\FileHandler' driver.
INFO - 2024-02-26 02:09:45 --> Session: Class initialized using 'CodeIgniter\Session\Handlers\FileHandler' driver.
INFO - 2024-02-26 02:09:46 --> Session: Class initialized using 'CodeIgniter\Session\Handlers\FileHandler' driver.
INFO - 2024-02-26 02:10:58 --> Session: Class initialized using 'CodeIgniter\Session\Handlers\FileHandler' driver.
INFO - 2024-02-26 02:11:08 --> Session: Class initialized using 'CodeIgniter\Session\Handlers\FileHandler' driver.
INFO - 2024-02-26 02:11:11 --> Session: Class initialized using 'CodeIgniter\Session\Handlers\FileHandler' driver.
INFO - 2024-02-26 02:11:12 --> Session: Class initialized using 'CodeIgniter\Session\Handlers\FileHandler' driver.
INFO - 2024-02-26 02:11:13 --> Session: Class initialized using 'CodeIgniter\Session\Handlers\FileHandler' driver.
INFO - 2024-02-26 02:11:14 --> Session: Class initialized using 'CodeIgniter\Session\Handlers\FileHandler' driver.
INFO - 2024-02-26 02:11:14 --> Session: Class initialized using 'CodeIgniter\Session\Handlers\FileHandler' driver.
INFO - 2024-02-26 02:11:15 --> Session: Class initialized using 'CodeIgniter\Session\Handlers\FileHandler' driver.
INFO - 2024-02-26 02:11:16 --> Session: Class initialized using 'CodeIgniter\Session\Handlers\FileHandler' driver.
INFO - 2024-02-26 02:14:46 --> Session: Class initialized using 'CodeIgniter\Session\Handlers\FileHandler' driver.
INFO - 2024-02-26 02:14:47 --> Session: Class initialized using 'CodeIgniter\Session\Handlers\FileHandler' driver.
INFO - 2024-02-26 02:14:50 --> Session: Class initialized using 'CodeIgniter\Session\Handlers\FileHandler' driver.
INFO - 2024-02-26 02:14:52 --> Session: Class initialized using 'CodeIgniter\Session\Handlers\FileHandler' driver.
INFO - 2024-02-26 02:16:27 --> Session: Class initialized using 'CodeIgniter\Session\Handlers\FileHandler' driver.
INFO - 2024-02-26 02:22:18 --> Session: Class initialized using 'CodeIgniter\Session\Handlers\FileHandler' driver.
INFO - 2024-02-26 02:22:25 --> Session: Class initialized using 'CodeIgniter\Session\Handlers\FileHandler' driver.
INFO - 2024-02-26 02:22:30 --> Session: Class initialized using 'CodeIgniter\Session\Handlers\FileHandler' driver.
INFO - 2024-02-26 02:22:30 --> Session: Class initialized using 'CodeIgniter\Session\Handlers\FileHandler' driver.
INFO - 2024-02-26 02:22:35 --> Session: Class initialized using 'CodeIgniter\Session\Handlers\FileHandler' driver.
INFO - 2024-02-26 02:22:35 --> Session: Class initialized using 'CodeIgniter\Session\Handlers\FileHandler' driver.
INFO - 2024-02-26 02:25:49 --> Session: Class initialized using 'CodeIgniter\Session\Handlers\FileHandler' driver.
INFO - 2024-02-26 02:25:49 --> Session: Class initialized using 'CodeIgniter\Session\Handlers\FileHandler' driver.
INFO - 2024-02-26 02:26:10 --> Session: Class initialized using 'CodeIgniter\Session\Handlers\FileHandler' driver.
CRITICAL - 2024-02-26 02:26:10 --> ErrorException: Undefined array key "id"
in APPPATH\Libraries\CIAuth.php on line 23.
 1 APPPATH\Libraries\CIAuth.php(23): CodeIgniter\Debug\Exceptions->errorHandler(2, 'Undefined array key "id"', 'C:\\xampp\\htdocs\\lybrain\\app\\Libraries\\CIAuth.php', 23)
 2 APPPATH\Helpers\CIFunctions_helper.php(17): App\Libraries\CIAuth::id()
 3 APPPATH\Views\template\layout\inc\header.php(9): get_user()
 4 APPPATH\Views\template\layout\pages-layout.php(36): include('C:\\xampp\\htdocs\\lybrain\\app\\Views\\template\\layout\\inc\\header.php')
 5 SYSTEMPATH\View\View.php(228): include('C:\\xampp\\htdocs\\lybrain\\app\\Views\\template\\layout\\pages-layout.php')
 6 SYSTEMPATH\View\View.php(231): CodeIgniter\View\View->CodeIgniter\View\{closure}()
 7 SYSTEMPATH\View\View.php(244): CodeIgniter\View\View->render('template/layout/pages-layout', [], true)
 8 SYSTEMPATH\Common.php(1178): CodeIgniter\View\View->render('template/pages/home', [], true)
 9 APPPATH\Controllers\AdminController.php(20): view('template/pages/home', [...])
10 SYSTEMPATH\CodeIgniter.php(941): App\Controllers\AdminController->index()
11 SYSTEMPATH\CodeIgniter.php(502): CodeIgniter\CodeIgniter->runController(Object(App\Controllers\AdminController))
12 SYSTEMPATH\CodeIgniter.php(361): CodeIgniter\CodeIgniter->handleRequest(null, Object(Config\Cache), false)
13 FCPATH\index.php(79): CodeIgniter\CodeIgniter->run()
INFO - 2024-02-26 02:26:34 --> Session: Class initialized using 'CodeIgniter\Session\Handlers\FileHandler' driver.
ERROR - 2024-02-26 02:26:34 --> mysqli_sql_exception: Unknown column 'id' in 'where clause' in C:\xampp\htdocs\lybrain\system\Database\MySQLi\Connection.php:306
Stack trace:
#0 C:\xampp\htdocs\lybrain\system\Database\MySQLi\Connection.php(306): mysqli->query('SELECT *\nFROM `...', 0)
#1 C:\xampp\htdocs\lybrain\system\Database\BaseConnection.php(693): CodeIgniter\Database\MySQLi\Connection->execute('SELECT *\nFROM `...')
#2 C:\xampp\htdocs\lybrain\system\Database\BaseConnection.php(607): CodeIgniter\Database\BaseConnection->simpleQuery('SELECT *\nFROM `...')
#3 C:\xampp\htdocs\lybrain\system\Database\BaseBuilder.php(1616): CodeIgniter\Database\BaseConnection->query('SELECT *\nFROM `...', Array, false)
#4 C:\xampp\htdocs\lybrain\system\Model.php(270): CodeIgniter\Database\BaseBuilder->get()
#5 C:\xampp\htdocs\lybrain\system\BaseModel.php(676): CodeIgniter\Model->doFirst()
#6 C:\xampp\htdocs\lybrain\app\Helpers\CIFunctions_helper.php(17): CodeIgniter\BaseModel->first()
#7 C:\xampp\htdocs\lybrain\app\Views\template\layout\inc\header.php(9): get_user()
#8 C:\xampp\htdocs\lybrain\app\Views\template\layout\pages-layout.php(36): include('C:\\xampp\\htdocs...')
#9 C:\xampp\htdocs\lybrain\system\View\View.php(228): include('C:\\xampp\\htdocs...')
#10 C:\xampp\htdocs\lybrain\system\View\View.php(231): CodeIgniter\View\View->CodeIgniter\View\{closure}()
#11 C:\xampp\htdocs\lybrain\system\View\View.php(244): CodeIgniter\View\View->render('template/layout...', Array, true)
#12 C:\xampp\htdocs\lybrain\system\Common.php(1178): CodeIgniter\View\View->render('template/pages/...', Array, true)
#13 C:\xampp\htdocs\lybrain\app\Controllers\AdminController.php(20): view('template/pages/...', Array)
#14 C:\xampp\htdocs\lybrain\system\CodeIgniter.php(941): App\Controllers\AdminController->index()
#15 C:\xampp\htdocs\lybrain\system\CodeIgniter.php(502): CodeIgniter\CodeIgniter->runController(Object(App\Controllers\AdminController))
#16 C:\xampp\htdocs\lybrain\system\CodeIgniter.php(361): CodeIgniter\CodeIgniter->handleRequest(NULL, Object(Config\Cache), false)
#17 C:\xampp\htdocs\lybrain\public\index.php(79): CodeIgniter\CodeIgniter->run()
#18 {main}
CRITICAL - 2024-02-26 02:26:34 --> CodeIgniter\Database\Exceptions\DatabaseException: Unknown column 'id' in 'where clause'
in SYSTEMPATH\Database\BaseConnection.php on line 647.
 1 SYSTEMPATH\Database\BaseBuilder.php(1616): CodeIgniter\Database\BaseConnection->query('SELECT *
FROM `user`
WHERE `id` = :id:
 LIMIT 1', [...], false)
 2 SYSTEMPATH\Model.php(270): CodeIgniter\Database\BaseBuilder->get()
 3 SYSTEMPATH\BaseModel.php(676): CodeIgniter\Model->doFirst()
 4 APPPATH\Helpers\CIFunctions_helper.php(17): CodeIgniter\BaseModel->first()
 5 APPPATH\Views\template\layout\inc\header.php(9): get_user()
 6 APPPATH\Views\template\layout\pages-layout.php(36): include('C:\\xampp\\htdocs\\lybrain\\app\\Views\\template\\layout\\inc\\header.php')
 7 SYSTEMPATH\View\View.php(228): include('C:\\xampp\\htdocs\\lybrain\\app\\Views\\template\\layout\\pages-layout.php')
 8 SYSTEMPATH\View\View.php(231): CodeIgniter\View\View->CodeIgniter\View\{closure}()
 9 SYSTEMPATH\View\View.php(244): CodeIgniter\View\View->render('template/layout/pages-layout', [], true)
10 SYSTEMPATH\Common.php(1178): CodeIgniter\View\View->render('template/pages/home', [], true)
11 APPPATH\Controllers\AdminController.php(20): view('template/pages/home', [...])
12 SYSTEMPATH\CodeIgniter.php(941): App\Controllers\AdminController->index()
13 SYSTEMPATH\CodeIgniter.php(502): CodeIgniter\CodeIgniter->runController(Object(App\Controllers\AdminController))
14 SYSTEMPATH\CodeIgniter.php(361): CodeIgniter\CodeIgniter->handleRequest(null, Object(Config\Cache), false)
15 FCPATH\index.php(79): CodeIgniter\CodeIgniter->run()
CRITICAL - 2024-02-26 02:26:34 --> [Caused by] CodeIgniter\Database\Exceptions\DatabaseException: Unknown column 'id' in 'where clause'
in SYSTEMPATH\Database\MySQLi\Connection.php on line 311.
 1 SYSTEMPATH\Database\BaseConnection.php(693): CodeIgniter\Database\MySQLi\Connection->execute('SELECT *
FROM `user`
WHERE `id` = \'1\'
 LIMIT 1')
 2 SYSTEMPATH\Database\BaseConnection.php(607): CodeIgniter\Database\BaseConnection->simpleQuery('SELECT *
FROM `user`
WHERE `id` = \'1\'
 LIMIT 1')
 3 SYSTEMPATH\Database\BaseBuilder.php(1616): CodeIgniter\Database\BaseConnection->query('SELECT *
FROM `user`
WHERE `id` = :id:
 LIMIT 1', [...], false)
 4 SYSTEMPATH\Model.php(270): CodeIgniter\Database\BaseBuilder->get()
 5 SYSTEMPATH\BaseModel.php(676): CodeIgniter\Model->doFirst()
 6 APPPATH\Helpers\CIFunctions_helper.php(17): CodeIgniter\BaseModel->first()
 7 APPPATH\Views\template\layout\inc\header.php(9): get_user()
 8 APPPATH\Views\template\layout\pages-layout.php(36): include('C:\\xampp\\htdocs\\lybrain\\app\\Views\\template\\layout\\inc\\header.php')
 9 SYSTEMPATH\View\View.php(228): include('C:\\xampp\\htdocs\\lybrain\\app\\Views\\template\\layout\\pages-layout.php')
10 SYSTEMPATH\View\View.php(231): CodeIgniter\View\View->CodeIgniter\View\{closure}()
11 SYSTEMPATH\View\View.php(244): CodeIgniter\View\View->render('template/layout/pages-layout', [], true)
12 SYSTEMPATH\Common.php(1178): CodeIgniter\View\View->render('template/pages/home', [], true)
13 APPPATH\Controllers\AdminController.php(20): view('template/pages/home', [...])
14 SYSTEMPATH\CodeIgniter.php(941): App\Controllers\AdminController->index()
15 SYSTEMPATH\CodeIgniter.php(502): CodeIgniter\CodeIgniter->runController(Object(App\Controllers\AdminController))
16 SYSTEMPATH\CodeIgniter.php(361): CodeIgniter\CodeIgniter->handleRequest(null, Object(Config\Cache), false)
17 FCPATH\index.php(79): CodeIgniter\CodeIgniter->run()
CRITICAL - 2024-02-26 02:26:34 --> [Caused by] mysqli_sql_exception: Unknown column 'id' in 'where clause'
in SYSTEMPATH\Database\MySQLi\Connection.php on line 306.
 1 SYSTEMPATH\Database\MySQLi\Connection.php(306): mysqli->query('SELECT *
FROM `user`
WHERE `id` = \'1\'
 LIMIT 1', 0)
 2 SYSTEMPATH\Database\BaseConnection.php(693): CodeIgniter\Database\MySQLi\Connection->execute('SELECT *
FROM `user`
WHERE `id` = \'1\'
 LIMIT 1')
 3 SYSTEMPATH\Database\BaseConnection.php(607): CodeIgniter\Database\BaseConnection->simpleQuery('SELECT *
FROM `user`
WHERE `id` = \'1\'
 LIMIT 1')
 4 SYSTEMPATH\Database\BaseBuilder.php(1616): CodeIgniter\Database\BaseConnection->query('SELECT *
FROM `user`
WHERE `id` = :id:
 LIMIT 1', [...], false)
 5 SYSTEMPATH\Model.php(270): CodeIgniter\Database\BaseBuilder->get()
 6 SYSTEMPATH\BaseModel.php(676): CodeIgniter\Model->doFirst()
 7 APPPATH\Helpers\CIFunctions_helper.php(17): CodeIgniter\BaseModel->first()
 8 APPPATH\Views\template\layout\inc\header.php(9): get_user()
 9 APPPATH\Views\template\layout\pages-layout.php(36): include('C:\\xampp\\htdocs\\lybrain\\app\\Views\\template\\layout\\inc\\header.php')
10 SYSTEMPATH\View\View.php(228): include('C:\\xampp\\htdocs\\lybrain\\app\\Views\\template\\layout\\pages-layout.php')
11 SYSTEMPATH\View\View.php(231): CodeIgniter\View\View->CodeIgniter\View\{closure}()
12 SYSTEMPATH\View\View.php(244): CodeIgniter\View\View->render('template/layout/pages-layout', [], true)
13 SYSTEMPATH\Common.php(1178): CodeIgniter\View\View->render('template/pages/home', [], true)
14 APPPATH\Controllers\AdminController.php(20): view('template/pages/home', [...])
15 SYSTEMPATH\CodeIgniter.php(941): App\Controllers\AdminController->index()
16 SYSTEMPATH\CodeIgniter.php(502): CodeIgniter\CodeIgniter->runController(Object(App\Controllers\AdminController))
17 SYSTEMPATH\CodeIgniter.php(361): CodeIgniter\CodeIgniter->handleRequest(null, Object(Config\Cache), false)
18 FCPATH\index.php(79): CodeIgniter\CodeIgniter->run()
INFO - 2024-02-26 02:26:35 --> Session: Class initialized using 'CodeIgniter\Session\Handlers\FileHandler' driver.
ERROR - 2024-02-26 02:26:35 --> mysqli_sql_exception: Unknown column 'id' in 'where clause' in C:\xampp\htdocs\lybrain\system\Database\MySQLi\Connection.php:306
Stack trace:
#0 C:\xampp\htdocs\lybrain\system\Database\MySQLi\Connection.php(306): mysqli->query('SELECT *\nFROM `...', 0)
#1 C:\xampp\htdocs\lybrain\system\Database\BaseConnection.php(693): CodeIgniter\Database\MySQLi\Connection->execute('SELECT *\nFROM `...')
#2 C:\xampp\htdocs\lybrain\system\Database\BaseConnection.php(607): CodeIgniter\Database\BaseConnection->simpleQuery('SELECT *\nFROM `...')
#3 C:\xampp\htdocs\lybrain\system\Database\BaseBuilder.php(1616): CodeIgniter\Database\BaseConnection->query('SELECT *\nFROM `...', Array, false)
#4 C:\xampp\htdocs\lybrain\system\Model.php(270): CodeIgniter\Database\BaseBuilder->get()
#5 C:\xampp\htdocs\lybrain\system\BaseModel.php(676): CodeIgniter\Model->doFirst()
#6 C:\xampp\htdocs\lybrain\app\Helpers\CIFunctions_helper.php(17): CodeIgniter\BaseModel->first()
#7 C:\xampp\htdocs\lybrain\app\Views\template\layout\inc\header.php(9): get_user()
#8 C:\xampp\htdocs\lybrain\app\Views\template\layout\pages-layout.php(36): include('C:\\xampp\\htdocs...')
#9 C:\xampp\htdocs\lybrain\system\View\View.php(228): include('C:\\xampp\\htdocs...')
#10 C:\xampp\htdocs\lybrain\system\View\View.php(231): CodeIgniter\View\View->CodeIgniter\View\{closure}()
#11 C:\xampp\htdocs\lybrain\system\View\View.php(244): CodeIgniter\View\View->render('template/layout...', Array, true)
#12 C:\xampp\htdocs\lybrain\system\Common.php(1178): CodeIgniter\View\View->render('template/pages/...', Array, true)
#13 C:\xampp\htdocs\lybrain\app\Controllers\AdminController.php(20): view('template/pages/...', Array)
#14 C:\xampp\htdocs\lybrain\system\CodeIgniter.php(941): App\Controllers\AdminController->index()
#15 C:\xampp\htdocs\lybrain\system\CodeIgniter.php(502): CodeIgniter\CodeIgniter->runController(Object(App\Controllers\AdminController))
#16 C:\xampp\htdocs\lybrain\system\CodeIgniter.php(361): CodeIgniter\CodeIgniter->handleRequest(NULL, Object(Config\Cache), false)
#17 C:\xampp\htdocs\lybrain\public\index.php(79): CodeIgniter\CodeIgniter->run()
#18 {main}
CRITICAL - 2024-02-26 02:26:35 --> CodeIgniter\Database\Exceptions\DatabaseException: Unknown column 'id' in 'where clause'
in SYSTEMPATH\Database\BaseConnection.php on line 647.
 1 SYSTEMPATH\Database\BaseBuilder.php(1616): CodeIgniter\Database\BaseConnection->query('SELECT *
FROM `user`
WHERE `id` = :id:
 LIMIT 1', [...], false)
 2 SYSTEMPATH\Model.php(270): CodeIgniter\Database\BaseBuilder->get()
 3 SYSTEMPATH\BaseModel.php(676): CodeIgniter\Model->doFirst()
 4 APPPATH\Helpers\CIFunctions_helper.php(17): CodeIgniter\BaseModel->first()
 5 APPPATH\Views\template\layout\inc\header.php(9): get_user()
 6 APPPATH\Views\template\layout\pages-layout.php(36): include('C:\\xampp\\htdocs\\lybrain\\app\\Views\\template\\layout\\inc\\header.php')
 7 SYSTEMPATH\View\View.php(228): include('C:\\xampp\\htdocs\\lybrain\\app\\Views\\template\\layout\\pages-layout.php')
 8 SYSTEMPATH\View\View.php(231): CodeIgniter\View\View->CodeIgniter\View\{closure}()
 9 SYSTEMPATH\View\View.php(244): CodeIgniter\View\View->render('template/layout/pages-layout', [], true)
10 SYSTEMPATH\Common.php(1178): CodeIgniter\View\View->render('template/pages/home', [], true)
11 APPPATH\Controllers\AdminController.php(20): view('template/pages/home', [...])
12 SYSTEMPATH\CodeIgniter.php(941): App\Controllers\AdminController->index()
13 SYSTEMPATH\CodeIgniter.php(502): CodeIgniter\CodeIgniter->runController(Object(App\Controllers\AdminController))
14 SYSTEMPATH\CodeIgniter.php(361): CodeIgniter\CodeIgniter->handleRequest(null, Object(Config\Cache), false)
15 FCPATH\index.php(79): CodeIgniter\CodeIgniter->run()
CRITICAL - 2024-02-26 02:26:35 --> [Caused by] CodeIgniter\Database\Exceptions\DatabaseException: Unknown column 'id' in 'where clause'
in SYSTEMPATH\Database\MySQLi\Connection.php on line 311.
 1 SYSTEMPATH\Database\BaseConnection.php(693): CodeIgniter\Database\MySQLi\Connection->execute('SELECT *
FROM `user`
WHERE `id` = \'1\'
 LIMIT 1')
 2 SYSTEMPATH\Database\BaseConnection.php(607): CodeIgniter\Database\BaseConnection->simpleQuery('SELECT *
FROM `user`
WHERE `id` = \'1\'
 LIMIT 1')
 3 SYSTEMPATH\Database\BaseBuilder.php(1616): CodeIgniter\Database\BaseConnection->query('SELECT *
FROM `user`
WHERE `id` = :id:
 LIMIT 1', [...], false)
 4 SYSTEMPATH\Model.php(270): CodeIgniter\Database\BaseBuilder->get()
 5 SYSTEMPATH\BaseModel.php(676): CodeIgniter\Model->doFirst()
 6 APPPATH\Helpers\CIFunctions_helper.php(17): CodeIgniter\BaseModel->first()
 7 APPPATH\Views\template\layout\inc\header.php(9): get_user()
 8 APPPATH\Views\template\layout\pages-layout.php(36): include('C:\\xampp\\htdocs\\lybrain\\app\\Views\\template\\layout\\inc\\header.php')
 9 SYSTEMPATH\View\View.php(228): include('C:\\xampp\\htdocs\\lybrain\\app\\Views\\template\\layout\\pages-layout.php')
10 SYSTEMPATH\View\View.php(231): CodeIgniter\View\View->CodeIgniter\View\{closure}()
11 SYSTEMPATH\View\View.php(244): CodeIgniter\View\View->render('template/layout/pages-layout', [], true)
12 SYSTEMPATH\Common.php(1178): CodeIgniter\View\View->render('template/pages/home', [], true)
13 APPPATH\Controllers\AdminController.php(20): view('template/pages/home', [...])
14 SYSTEMPATH\CodeIgniter.php(941): App\Controllers\AdminController->index()
15 SYSTEMPATH\CodeIgniter.php(502): CodeIgniter\CodeIgniter->runController(Object(App\Controllers\AdminController))
16 SYSTEMPATH\CodeIgniter.php(361): CodeIgniter\CodeIgniter->handleRequest(null, Object(Config\Cache), false)
17 FCPATH\index.php(79): CodeIgniter\CodeIgniter->run()
CRITICAL - 2024-02-26 02:26:35 --> [Caused by] mysqli_sql_exception: Unknown column 'id' in 'where clause'
in SYSTEMPATH\Database\MySQLi\Connection.php on line 306.
 1 SYSTEMPATH\Database\MySQLi\Connection.php(306): mysqli->query('SELECT *
FROM `user`
WHERE `id` = \'1\'
 LIMIT 1', 0)
 2 SYSTEMPATH\Database\BaseConnection.php(693): CodeIgniter\Database\MySQLi\Connection->execute('SELECT *
FROM `user`
WHERE `id` = \'1\'
 LIMIT 1')
 3 SYSTEMPATH\Database\BaseConnection.php(607): CodeIgniter\Database\BaseConnection->simpleQuery('SELECT *
FROM `user`
WHERE `id` = \'1\'
 LIMIT 1')
 4 SYSTEMPATH\Database\BaseBuilder.php(1616): CodeIgniter\Database\BaseConnection->query('SELECT *
FROM `user`
WHERE `id` = :id:
 LIMIT 1', [...], false)
 5 SYSTEMPATH\Model.php(270): CodeIgniter\Database\BaseBuilder->get()
 6 SYSTEMPATH\BaseModel.php(676): CodeIgniter\Model->doFirst()
 7 APPPATH\Helpers\CIFunctions_helper.php(17): CodeIgniter\BaseModel->first()
 8 APPPATH\Views\template\layout\inc\header.php(9): get_user()
 9 APPPATH\Views\template\layout\pages-layout.php(36): include('C:\\xampp\\htdocs\\lybrain\\app\\Views\\template\\layout\\inc\\header.php')
10 SYSTEMPATH\View\View.php(228): include('C:\\xampp\\htdocs\\lybrain\\app\\Views\\template\\layout\\pages-layout.php')
11 SYSTEMPATH\View\View.php(231): CodeIgniter\View\View->CodeIgniter\View\{closure}()
12 SYSTEMPATH\View\View.php(244): CodeIgniter\View\View->render('template/layout/pages-layout', [], true)
13 SYSTEMPATH\Common.php(1178): CodeIgniter\View\View->render('template/pages/home', [], true)
14 APPPATH\Controllers\AdminController.php(20): view('template/pages/home', [...])
15 SYSTEMPATH\CodeIgniter.php(941): App\Controllers\AdminController->index()
16 SYSTEMPATH\CodeIgniter.php(502): CodeIgniter\CodeIgniter->runController(Object(App\Controllers\AdminController))
17 SYSTEMPATH\CodeIgniter.php(361): CodeIgniter\CodeIgniter->handleRequest(null, Object(Config\Cache), false)
18 FCPATH\index.php(79): CodeIgniter\CodeIgniter->run()
INFO - 2024-02-26 02:26:53 --> Session: Class initialized using 'CodeIgniter\Session\Handlers\FileHandler' driver.
CRITICAL - 2024-02-26 02:26:53 --> ErrorException: Undefined property: stdClass::$name
in APPPATH\Views\template\layout\inc\header.php on line 9.
 1 APPPATH\Views\template\layout\inc\header.php(9): CodeIgniter\Debug\Exceptions->errorHandler(2, 'Undefined property: stdClass::$name', 'C:\\xampp\\htdocs\\lybrain\\app\\Views\\template\\layout\\inc\\header.php', 9)
 2 APPPATH\Views\template\layout\pages-layout.php(36): include('C:\\xampp\\htdocs\\lybrain\\app\\Views\\template\\layout\\inc\\header.php')
 3 SYSTEMPATH\View\View.php(228): include('C:\\xampp\\htdocs\\lybrain\\app\\Views\\template\\layout\\pages-layout.php')
 4 SYSTEMPATH\View\View.php(231): CodeIgniter\View\View->CodeIgniter\View\{closure}()
 5 SYSTEMPATH\View\View.php(244): CodeIgniter\View\View->render('template/layout/pages-layout', [], true)
 6 SYSTEMPATH\Common.php(1178): CodeIgniter\View\View->render('template/pages/home', [], true)
 7 APPPATH\Controllers\AdminController.php(20): view('template/pages/home', [...])
 8 SYSTEMPATH\CodeIgniter.php(941): App\Controllers\AdminController->index()
 9 SYSTEMPATH\CodeIgniter.php(502): CodeIgniter\CodeIgniter->runController(Object(App\Controllers\AdminController))
10 SYSTEMPATH\CodeIgniter.php(361): CodeIgniter\CodeIgniter->handleRequest(null, Object(Config\Cache), false)
11 FCPATH\index.php(79): CodeIgniter\CodeIgniter->run()
INFO - 2024-02-26 02:27:17 --> Session: Class initialized using 'CodeIgniter\Session\Handlers\FileHandler' driver.
INFO - 2024-02-26 02:30:11 --> Session: Class initialized using 'CodeIgniter\Session\Handlers\FileHandler' driver.
INFO - 2024-02-26 02:30:27 --> Session: Class initialized using 'CodeIgniter\Session\Handlers\FileHandler' driver.
INFO - 2024-02-26 02:30:29 --> Session: Class initialized using 'CodeIgniter\Session\Handlers\FileHandler' driver.
INFO - 2024-02-26 02:30:46 --> Session: Class initialized using 'CodeIgniter\Session\Handlers\FileHandler' driver.
INFO - 2024-02-26 02:30:52 --> Session: Class initialized using 'CodeIgniter\Session\Handlers\FileHandler' driver.
INFO - 2024-02-26 02:30:55 --> Session: Class initialized using 'CodeIgniter\Session\Handlers\FileHandler' driver.
INFO - 2024-02-26 02:30:57 --> Session: Class initialized using 'CodeIgniter\Session\Handlers\FileHandler' driver.
INFO - 2024-02-26 02:31:54 --> Session: Class initialized using 'CodeIgniter\Session\Handlers\FileHandler' driver.
INFO - 2024-02-26 02:31:56 --> Session: Class initialized using 'CodeIgniter\Session\Handlers\FileHandler' driver.
INFO - 2024-02-26 02:35:27 --> Session: Class initialized using 'CodeIgniter\Session\Handlers\FileHandler' driver.
INFO - 2024-02-26 02:35:28 --> Session: Class initialized using 'CodeIgniter\Session\Handlers\FileHandler' driver.
INFO - 2024-02-26 02:35:52 --> Session: Class initialized using 'CodeIgniter\Session\Handlers\FileHandler' driver.
INFO - 2024-02-26 02:35:53 --> Session: Class initialized using 'CodeIgniter\Session\Handlers\FileHandler' driver.
INFO - 2024-02-26 02:35:55 --> Session: Class initialized using 'CodeIgniter\Session\Handlers\FileHandler' driver.
INFO - 2024-02-26 02:38:17 --> Session: Class initialized using 'CodeIgniter\Session\Handlers\FileHandler' driver.
INFO - 2024-02-26 02:38:20 --> Session: Class initialized using 'CodeIgniter\Session\Handlers\FileHandler' driver.
INFO - 2024-02-26 02:38:22 --> Session: Class initialized using 'CodeIgniter\Session\Handlers\FileHandler' driver.
INFO - 2024-02-26 02:39:05 --> Session: Class initialized using 'CodeIgniter\Session\Handlers\FileHandler' driver.
INFO - 2024-02-26 02:39:07 --> Session: Class initialized using 'CodeIgniter\Session\Handlers\FileHandler' driver.
INFO - 2024-02-26 02:39:07 --> Session: Class initialized using 'CodeIgniter\Session\Handlers\FileHandler' driver.
INFO - 2024-02-26 02:39:08 --> Session: Class initialized using 'CodeIgniter\Session\Handlers\FileHandler' driver.
INFO - 2024-02-26 02:39:08 --> Session: Class initialized using 'CodeIgniter\Session\Handlers\FileHandler' driver.
INFO - 2024-02-26 02:39:09 --> Session: Class initialized using 'CodeIgniter\Session\Handlers\FileHandler' driver.
INFO - 2024-02-26 02:39:10 --> Session: Class initialized using 'CodeIgniter\Session\Handlers\FileHandler' driver.
INFO - 2024-02-26 02:39:14 --> Session: Class initialized using 'CodeIgniter\Session\Handlers\FileHandler' driver.
INFO - 2024-02-26 02:39:14 --> Session: Class initialized using 'CodeIgniter\Session\Handlers\FileHandler' driver.
INFO - 2024-02-26 02:39:22 --> Session: Class initialized using 'CodeIgniter\Session\Handlers\FileHandler' driver.
INFO - 2024-02-26 02:39:22 --> Session: Class initialized using 'CodeIgniter\Session\Handlers\FileHandler' driver.
INFO - 2024-02-26 02:39:23 --> Session: Class initialized using 'CodeIgniter\Session\Handlers\FileHandler' driver.
INFO - 2024-02-26 02:39:23 --> Session: Class initialized using 'CodeIgniter\Session\Handlers\FileHandler' driver.
INFO - 2024-02-26 02:40:45 --> Session: Class initialized using 'CodeIgniter\Session\Handlers\FileHandler' driver.
INFO - 2024-02-26 02:40:46 --> Session: Class initialized using 'CodeIgniter\Session\Handlers\FileHandler' driver.
INFO - 2024-02-26 02:40:47 --> Session: Class initialized using 'CodeIgniter\Session\Handlers\FileHandler' driver.
INFO - 2024-02-26 02:40:48 --> Session: Class initialized using 'CodeIgniter\Session\Handlers\FileHandler' driver.
INFO - 2024-02-26 02:40:48 --> Session: Class initialized using 'CodeIgniter\Session\Handlers\FileHandler' driver.
INFO - 2024-02-26 02:40:48 --> Session: Class initialized using 'CodeIgniter\Session\Handlers\FileHandler' driver.
INFO - 2024-02-26 02:40:48 --> Session: Class initialized using 'CodeIgniter\Session\Handlers\FileHandler' driver.
INFO - 2024-02-26 02:41:01 --> Session: Class initialized using 'CodeIgniter\Session\Handlers\FileHandler' driver.
INFO - 2024-02-26 02:41:01 --> Session: Class initialized using 'CodeIgniter\Session\Handlers\FileHandler' driver.
INFO - 2024-02-26 02:41:06 --> Session: Class initialized using 'CodeIgniter\Session\Handlers\FileHandler' driver.
INFO - 2024-02-26 02:41:06 --> Session: Class initialized using 'CodeIgniter\Session\Handlers\FileHandler' driver.
INFO - 2024-02-26 02:41:15 --> Session: Class initialized using 'CodeIgniter\Session\Handlers\FileHandler' driver.
INFO - 2024-02-26 02:41:23 --> Session: Class initialized using 'CodeIgniter\Session\Handlers\FileHandler' driver.
INFO - 2024-02-26 02:41:23 --> Session: Class initialized using 'CodeIgniter\Session\Handlers\FileHandler' driver.
INFO - 2024-02-26 02:41:29 --> Session: Class initialized using 'CodeIgniter\Session\Handlers\FileHandler' driver.
INFO - 2024-02-26 02:41:31 --> Session: Class initialized using 'CodeIgniter\Session\Handlers\FileHandler' driver.
INFO - 2024-02-26 02:41:31 --> Session: Class initialized using 'CodeIgniter\Session\Handlers\FileHandler' driver.
INFO - 2024-02-26 02:41:34 --> Session: Class initialized using 'CodeIgniter\Session\Handlers\FileHandler' driver.
INFO - 2024-02-26 02:41:35 --> Session: Class initialized using 'CodeIgniter\Session\Handlers\FileHandler' driver.
INFO - 2024-02-26 02:41:36 --> Session: Class initialized using 'CodeIgniter\Session\Handlers\FileHandler' driver.
INFO - 2024-02-26 02:41:45 --> Session: Class initialized using 'CodeIgniter\Session\Handlers\FileHandler' driver.
INFO - 2024-02-26 02:41:51 --> Session: Class initialized using 'CodeIgniter\Session\Handlers\FileHandler' driver.
INFO - 2024-02-26 02:41:58 --> Session: Class initialized using 'CodeIgniter\Session\Handlers\FileHandler' driver.
INFO - 2024-02-26 02:42:13 --> Session: Class initialized using 'CodeIgniter\Session\Handlers\FileHandler' driver.
INFO - 2024-02-26 02:42:16 --> Session: Class initialized using 'CodeIgniter\Session\Handlers\FileHandler' driver.
INFO - 2024-02-26 02:42:19 --> Session: Class initialized using 'CodeIgniter\Session\Handlers\FileHandler' driver.
INFO - 2024-02-26 02:59:11 --> Session: Class initialized using 'CodeIgniter\Session\Handlers\FileHandler' driver.
INFO - 2024-02-26 02:59:52 --> Session: Class initialized using 'CodeIgniter\Session\Handlers\FileHandler' driver.
INFO - 2024-02-26 02:59:55 --> Session: Class initialized using 'CodeIgniter\Session\Handlers\FileHandler' driver.
INFO - 2024-02-26 02:59:55 --> Session: Class initialized using 'CodeIgniter\Session\Handlers\FileHandler' driver.
INFO - 2024-02-26 02:59:58 --> Session: Class initialized using 'CodeIgniter\Session\Handlers\FileHandler' driver.
INFO - 2024-02-26 02:59:59 --> Session: Class initialized using 'CodeIgniter\Session\Handlers\FileHandler' driver.
INFO - 2024-02-26 03:02:07 --> Session: Class initialized using 'CodeIgniter\Session\Handlers\FileHandler' driver.
INFO - 2024-02-26 03:03:33 --> Session: Class initialized using 'CodeIgniter\Session\Handlers\FileHandler' driver.
INFO - 2024-02-26 03:03:34 --> Session: Class initialized using 'CodeIgniter\Session\Handlers\FileHandler' driver.
INFO - 2024-02-26 03:03:35 --> Session: Class initialized using 'CodeIgniter\Session\Handlers\FileHandler' driver.
INFO - 2024-02-26 03:03:36 --> Session: Class initialized using 'CodeIgniter\Session\Handlers\FileHandler' driver.
INFO - 2024-02-26 03:03:36 --> Session: Class initialized using 'CodeIgniter\Session\Handlers\FileHandler' driver.
INFO - 2024-02-26 03:04:22 --> Session: Class initialized using 'CodeIgniter\Session\Handlers\FileHandler' driver.
INFO - 2024-02-26 03:04:27 --> Session: Class initialized using 'CodeIgniter\Session\Handlers\FileHandler' driver.
INFO - 2024-02-26 03:04:28 --> Session: Class initialized using 'CodeIgniter\Session\Handlers\FileHandler' driver.
INFO - 2024-02-26 03:05:12 --> Session: Class initialized using 'CodeIgniter\Session\Handlers\FileHandler' driver.
INFO - 2024-02-26 03:05:13 --> Session: Class initialized using 'CodeIgniter\Session\Handlers\FileHandler' driver.
INFO - 2024-02-26 03:05:18 --> Session: Class initialized using 'CodeIgniter\Session\Handlers\FileHandler' driver.
INFO - 2024-02-26 03:05:19 --> Session: Class initialized using 'CodeIgniter\Session\Handlers\FileHandler' driver.
INFO - 2024-02-26 03:05:21 --> Session: Class initialized using 'CodeIgniter\Session\Handlers\FileHandler' driver.
INFO - 2024-02-26 03:05:22 --> Session: Class initialized using 'CodeIgniter\Session\Handlers\FileHandler' driver.
